<?xml version="1.0" encoding="UTF-8"?>
<!-- Generated by org.testng.reporters.JUnitXMLReporter -->
<testsuite ignored="0" hostname="balaji" failures="1" tests="1" name="Open Account Test" time="1.068" errors="0" timestamp="2021-01-18T15:14:18 IST">
  <testcase classname="com.w2a.testcases.OpenAccountTest" name="openAccountTest" time="0.003">
    <failure type="org.testng.internal.reflect.MethodMatcherException" message="
[public void com.w2a.testcases.OpenAccountTest.openAccountTest(java.lang.String,java.lang.String,java.lang.String)] has no parameters defined but was found to be using a data provider (either explicitly specified or inherited from class level annotation).
Data provider mismatch
Method: openAccountTest([Parameter{index=0, type=java.lang.String, declaredAnnotations=[]}, Parameter{index=1, type=java.lang.String, declaredAnnotations=[]}, Parameter{index=2, type=java.lang.String, declaredAnnotations=[]}])
Arguments: [(java.lang.String) Harry Potter,(java.lang.String) Dollar,(java.lang.String) Account created successfully,(java.lang.String) ]">
      <![CDATA[org.testng.internal.reflect.MethodMatcherException: 
[public void com.w2a.testcases.OpenAccountTest.openAccountTest(java.lang.String,java.lang.String,java.lang.String)] has no parameters defined but was found to be using a data provider (either explicitly specified or inherited from class level annotation).
Data provider mismatch
Method: openAccountTest([Parameter{index=0, type=java.lang.String, declaredAnnotations=[]}, Parameter{index=1, type=java.lang.String, declaredAnnotations=[]}, Parameter{index=2, type=java.lang.String, declaredAnnotations=[]}])
Arguments: [(java.lang.String) Harry Potter,(java.lang.String) Dollar,(java.lang.String) Account created successfully,(java.lang.String) ]
at java.base/java.util.ArrayList.forEach(ArrayList.java:1511)
... Removed 22 stack frames]]>
    </failure>
  </testcase> <!-- openAccountTest -->
</testsuite> <!-- Open Account Test -->
