<?xml version="1.0" encoding="UTF-8"?>
<testng-results ignored="0" total="1" passed="1" failed="0" skipped="0">
  <reporter-output>
  </reporter-output>
  <suite started-at="2021-01-19T16:07:00 IST" name="Default suite" finished-at="2021-01-19T16:07:00 IST" duration-ms="56">
    <groups>
    </groups>
    <test started-at="2021-01-19T16:07:00 IST" name="Default test" finished-at="2021-01-19T16:07:00 IST" duration-ms="56">
      <class name="com.w2a.rough.TestExcelReader">
        <test-method is-config="true" signature="setUp()[pri:0, instance:com.w2a.rough.TestExcelReader@3541cb24]" started-at="2021-01-19T16:06:55 IST" name="setUp" finished-at="2021-01-19T16:07:00 IST" duration-ms="5065" status="PASS">
          <reporter-output>
          </reporter-output>
        </test-method> <!-- setUp -->
        <test-method signature="testExcelReader()[pri:0, instance:com.w2a.rough.TestExcelReader@3541cb24]" started-at="2021-01-19T16:07:00 IST" name="testExcelReader" finished-at="2021-01-19T16:07:00 IST" duration-ms="21" status="PASS">
          <reporter-output>
          </reporter-output>
        </test-method> <!-- testExcelReader -->
        <test-method is-config="true" signature="tearDown()[pri:0, instance:com.w2a.rough.TestExcelReader@3541cb24]" started-at="2021-01-19T16:07:00 IST" name="tearDown" finished-at="2021-01-19T16:07:01 IST" duration-ms="687" status="PASS">
          <reporter-output>
          </reporter-output>
        </test-method> <!-- tearDown -->
      </class> <!-- com.w2a.rough.TestExcelReader -->
    </test> <!-- Default test -->
  </suite> <!-- Default suite -->
</testng-results>
